[0728/202603.795:ERROR:minidumpwritedump_with_crashpad_info.cc(435)] Failed to call MiniDumpWriteDump: Access is denied. (0x80070005)
[0728/202604.176:ERROR:minidumpwritedump_with_crashpad_info.cc(592)] Failed to write minidump file
[0728/202604.177:ERROR:crash_report_exception_handler.cc(132)] TryMiniDumpWriteDumpWithCrashpadInfo failed
[0728/202604.290:ERROR:process_memory_win.cc(73)] ReadMemory at 0x1b16c6b63b0 of 72 bytes failed: Only part of a ReadProcessMemory or WriteProcessMemory request was completed. (0x12B)
[0728/202604.291:WARNING:pe_image_annotations_reader.cc(134)] could not read annotations list object in C:\Program Files (x86)\Microsoft\Edge\Application\84.0.522.44\msedge_elf.dll
[0728/202604.294:ERROR:process_memory_win.cc(73)] ReadMemory at 0x1b16c6f0cb0 of 72 bytes failed: Only part of a ReadProcessMemory or WriteProcessMemory request was completed. (0x12B)
[0728/202604.305:WARNING:pe_image_annotations_reader.cc(134)] could not read annotations list object in C:\Program Files (x86)\Microsoft\Edge\Application\84.0.522.44\msedge.dll
[0728/202610.222:ERROR:process_memory_win.cc(73)] ReadMemory at 0x7ff79a220000 of 64 bytes failed: Only part of a ReadProcessMemory or WriteProcessMemory request was completed. (0x12B)
[0728/202610.223:WARNING:pe_image_reader.cc(340)] could not read dos header from C:\Program Files (x86)\Microsoft\Edge\Application\msedge.exe
[0728/202610.223:ERROR:process_memory_win.cc(73)] ReadMemory at 0x7ffdfbfc0000 of 64 bytes failed: Only part of a ReadProcessMemory or WriteProcessMemory request was completed. (0x12B)
[0728/202610.223:WARNING:pe_image_reader.cc(340)] could not read dos header from C:\Windows\SYSTEM32\ntdll.dll
[0728/202610.224:ERROR:process_memory_win.cc(73)] ReadMemory at 0x7ffdfa070000 of 64 bytes failed: Only part of a ReadProcessMemory or WriteProcessMemory request was completed. (0x12B)
[0728/202610.224:WARNING:pe_image_reader.cc(340)] could not read dos header from C:\Windows\System32\KERNEL32.DLL
[0728/202610.225:ERROR:process_memory_win.cc(73)] ReadMemory at 0x7ffdf9d70000 of 64 bytes failed: Only part of a ReadProcessMemory or WriteProcessMemory request was completed. (0x12B)
[0728/202610.225:WARNING:pe_image_reader.cc(340)] could not read dos header from C:\Windows\System32\KERNELBASE.dll
[0728/202610.226:ERROR:process_memory_win.cc(73)] ReadMemory at 0x7ffdf7130000 of 64 bytes failed: Only part of a ReadProcessMemory or WriteProcessMemory request was completed. (0x12B)
[0728/202610.226:WARNING:pe_image_reader.cc(340)] could not read dos header from C:\Windows\SYSTEM32\apphelp.dll
[0728/202610.226:ERROR:process_memory_win.cc(73)] ReadMemory at 0x7ffdc61d0000 of 64 bytes failed: Only part of a ReadProcessMemory or WriteProcessMemory request was completed. (0x12B)
[0728/202610.226:WARNING:pe_image_reader.cc(340)] could not read dos header from C:\Program Files (x86)\Microsoft\Edge\Application\84.0.522.44\msedge_elf.dll
[0728/202610.227:ERROR:process_memory_win.cc(73)] ReadMemory at 0x7ffdf9070000 of 64 bytes failed: Only part of a ReadProcessMemory or WriteProcessMemory request was completed. (0x12B)
[0728/202610.227:WARNING:pe_image_reader.cc(340)] could not read dos header from C:\Windows\System32\bcryptPrimitives.dll
[0728/202610.227:ERROR:process_memory_win.cc(73)] ReadMemory at 0x7ffdfb2b0000 of 64 bytes failed: Only part of a ReadProcessMemory or WriteProcessMemory request was completed. (0x12B)
[0728/202610.228:WARNING:pe_image_reader.cc(340)] could not read dos header from C:\Windows\System32\ADVAPI32.dll
[0728/202610.228:ERROR:process_memory_win.cc(73)] ReadMemory at 0x7ffdfb360000 of 64 bytes failed: Only part of a ReadProcessMemory or WriteProcessMemory request was completed. (0x12B)
[0728/202610.228:WARNING:pe_image_reader.cc(340)] could not read dos header from C:\Windows\System32\msvcrt.dll
[0728/202610.228:ERROR:process_memory_win.cc(73)] ReadMemory at 0x7ffdfb400000 of 64 bytes failed: Only part of a ReadProcessMemory or WriteProcessMemory request was completed. (0x12B)
[0728/202610.229:WARNING:pe_image_reader.cc(340)] could not read dos header from C:\Windows\System32\sechost.dll
[0728/202610.229:ERROR:process_memory_win.cc(73)] ReadMemory at 0x7ffdfbe30000 of 64 bytes failed: Only part of a ReadProcessMemory or WriteProcessMemory request was completed. (0x12B)
[0728/202610.229:WARNING:pe_image_reader.cc(340)] could not read dos header from C:\Windows\System32\RPCRT4.dll
[0728/202610.230:ERROR:process_memory_win.cc(73)] ReadMemory at 0x7ffdab190000 of 64 bytes failed: Only part of a ReadProcessMemory or WriteProcessMemory request was completed. (0x12B)
[0728/202610.230:WARNING:pe_image_reader.cc(340)] could not read dos header from C:\Program Files (x86)\Microsoft\Edge\Application\84.0.522.44\msedge.dll
[0728/202610.230:ERROR:process_memory_win.cc(73)] ReadMemory at 0x7ffdfbbd0000 of 64 bytes failed: Only part of a ReadProcessMemory or WriteProcessMemory request was completed. (0x12B)
[0728/202610.231:WARNING:pe_image_reader.cc(340)] could not read dos header from C:\Windows\System32\WS2_32.dll
[0728/202610.231:ERROR:process_memory_win.cc(73)] ReadMemory at 0x7ffdfbcf0000 of 64 bytes failed: Only part of a ReadProcessMemory or WriteProcessMemory request was completed. (0x12B)
[0728/202610.232:WARNING:pe_image_reader.cc(340)] could not read dos header from C:\Windows\System32\OLEAUT32.dll
[0728/202610.233:ERROR:process_memory_win.cc(73)] ReadMemory at 0x7ffdf9110000 of 64 bytes failed: Only part of a ReadProcessMemory or WriteProcessMemory request was completed. (0x12B)
[0728/202610.234:WARNING:pe_image_reader.cc(340)] could not read dos header from C:\Windows\System32\msvcp_win.dll
[0728/202610.235:ERROR:process_memory_win.cc(73)] ReadMemory at 0x7ffdf8f40000 of 64 bytes failed: Only part of a ReadProcessMemory or WriteProcessMemory request was completed. (0x12B)
[0728/202610.235:WARNING:pe_image_reader.cc(340)] could not read dos header from C:\Windows\System32\ucrtbase.dll
[0728/202610.236:ERROR:process_memory_win.cc(73)] ReadMemory at 0x7ffdfaa30000 of 64 bytes failed: Only part of a ReadProcessMemory or WriteProcessMemory request was completed. (0x12B)
[0728/202610.236:WARNING:pe_image_reader.cc(340)] could not read dos header from C:\Windows\System32\combase.dll
[0728/202610.236:ERROR:process_memory_win.cc(73)] ReadMemory at 0x7ffdf9b70000 of 64 bytes failed: Only part of a ReadProcessMemory or WriteProcessMemory request was completed. (0x12B)
[0728/202610.236:WARNING:pe_image_reader.cc(340)] could not read dos header from C:\Windows\System32\WINTRUST.dll
[0728/202610.237:ERROR:process_memory_win.cc(73)] ReadMemory at 0x7ffdf8ed0000 of 64 bytes failed: Only part of a ReadProcessMemory or WriteProcessMemory request was completed. (0x12B)
[0728/202610.237:WARNING:pe_image_reader.cc(340)] could not read dos header from C:\Windows\System32\MSASN1.dll
[0728/202610.237:ERROR:process_memory_win.cc(73)] ReadMemory at 0x7ffdf9a20000 of 64 bytes failed: Only part of a ReadProcessMemory or WriteProcessMemory request was completed. (0x12B)
[0728/202610.238:WARNING:pe_image_reader.cc(340)] could not read dos header from C:\Windows\System32\CRYPT32.dll
[0728/202610.238:ERROR:process_memory_win.cc(73)] ReadMemory at 0x7ffdf8390000 of 64 bytes failed: Only part of a ReadProcessMemory or WriteProcessMemory request was completed. (0x12B)
[0728/202610.238:WARNING:pe_image_reader.cc(340)] could not read dos header from C:\Windows\SYSTEM32\IPHLPAPI.DLL
[0728/202610.238:ERROR:process_memory_win.cc(73)] ReadMemory at 0x7ffdf6210000 of 64 bytes failed: Only part of a ReadProcessMemory or WriteProcessMemory request was completed. (0x12B)
[0728/202610.239:WARNING:pe_image_reader.cc(340)] could not read dos header from C:\Windows\SYSTEM32\WINMM.dll
[0728/202610.239:ERROR:process_memory_win.cc(73)] ReadMemory at 0x7ffdf5150000 of 64 bytes failed: Only part of a ReadProcessMemory or WriteProcessMemory request was completed. (0x12B)
[0728/202610.239:WARNING:pe_image_reader.cc(340)] could not read dos header from C:\Windows\SYSTEM32\Secur32.dll
[0728/202610.239:ERROR:process_memory_win.cc(73)] ReadMemory at 0x7ffdf8d60000 of 64 bytes failed: Only part of a ReadProcessMemory or WriteProcessMemory request was completed. (0x12B)
[0728/202610.240:WARNING:pe_image_reader.cc(340)] could not read dos header from C:\Windows\SYSTEM32\USERENV.dll
[0728/202610.240:ERROR:process_memory_win.cc(73)] ReadMemory at 0x7ffdf8ea0000 of 64 bytes failed: Only part of a ReadProcessMemory or WriteProcessMemory request was completed. (0x12B)
[0728/202610.240:WARNING:pe_image_reader.cc(340)] could not read dos header from C:\Windows\System32\profapi.dll
[0728/202610.241:ERROR:process_memory_win.cc(73)] ReadMemory at 0x7ffdcf840000 of 64 bytes failed: Only part of a ReadProcessMemory or WriteProcessMemory request was completed. (0x12B)
[0728/202610.241:WARNING:pe_image_reader.cc(340)] could not read dos header from C:\Windows\SYSTEM32\UIAutomationCore.DLL
[0728/202610.241:ERROR:process_memory_win.cc(73)] ReadMemory at 0x7ffde7e30000 of 64 bytes failed: Only part of a ReadProcessMemory or WriteProcessMemory request was completed. (0x12B)
[0728/202610.241:WARNING:pe_image_reader.cc(340)] could not read dos header from C:\Windows\SYSTEM32\WINHTTP.dll
[0728/202610.242:ERROR:process_memory_win.cc(73)] ReadMemory at 0x7ffdeb930000 of 64 bytes failed: Only part of a ReadProcessMemory or WriteProcessMemory request was completed. (0x12B)
[0728/202610.242:WARNING:pe_image_reader.cc(340)] could not read dos header from C:\Windows\SYSTEM32\DWrite.dll
[0728/202610.242:ERROR:process_memory_win.cc(73)] ReadMemory at 0x7ffdef740000 of 64 bytes failed: Only part of a ReadProcessMemory or WriteProcessMemory request was completed. (0x12B)
[0728/202610.242:WARNING:pe_image_reader.cc(340)] could not read dos header from C:\Windows\SYSTEM32\WINSPOOL.DRV
[0728/202610.243:ERROR:process_memory_win.cc(73)] ReadMemory at 0x7ffdf8e80000 of 64 bytes failed: Only part of a ReadProcessMemory or WriteProcessMemory request was completed. (0x12B)
[0728/202610.243:WARNING:pe_image_reader.cc(340)] could not read dos header from C:\Windows\System32\kernel.appcore.dll
[0728/202610.243:ERROR:process_memory_win.cc(73)] ReadMemory at 0x7ffdf99f0000 of 64 bytes failed: Only part of a ReadProcessMemory or WriteProcessMemory request was completed. (0x12B)
[0728/202610.243:WARNING:pe_image_reader.cc(340)] could not read dos header from C:\Windows\System32\bcrypt.dll
[0728/202610.243:ERROR:process_memory_win.cc(73)] ReadMemory at 0x7ffde3ce0000 of 64 bytes failed: Only part of a ReadProcessMemory or WriteProcessMemory request was completed. (0x12B)
[0728/202610.244:WARNING:pe_image_reader.cc(340)] could not read dos header from C:\Windows\SYSTEM32\dbghelp.dll
[0728/202610.244:ERROR:process_memory_win.cc(73)] ReadMemory at 0x7ffdf8950000 of 64 bytes failed: Only part of a ReadProcessMemory or WriteProcessMemory request was completed. (0x12B)
[0728/202610.244:WARNING:pe_image_reader.cc(340)] could not read dos header from C:\Windows\SYSTEM32\ncrypt.dll
[0728/202610.245:ERROR:process_memory_win.cc(73)] ReadMemory at 0x7ffdf1390000 of 64 bytes failed: Only part of a ReadProcessMemory or WriteProcessMemory request was completed. (0x12B)
[0728/202610.245:WARNING:pe_image_reader.cc(340)] could not read dos header from C:\Windows\SYSTEM32\dhcpcsvc.DLL
[0728/202610.245:ERROR:process_memory_win.cc(73)] ReadMemory at 0x7ffdfbbc0000 of 64 bytes failed: Only part of a ReadProcessMemory or WriteProcessMemory request was completed. (0x12B)
[0728/202610.245:WARNING:pe_image_reader.cc(340)] could not read dos header from C:\Windows\System32\NSI.dll
[0728/202610.246:ERROR:process_memory_win.cc(73)] ReadMemory at 0x7ffdf5c20000 of 64 bytes failed: Only part of a ReadProcessMemory or WriteProcessMemory request was completed. (0x12B)
[0728/202610.246:WARNING:pe_image_reader.cc(340)] could not read dos header from C:\Windows\SYSTEM32\WINMMBASE.dll
[0728/202610.246:ERROR:process_memory_win.cc(73)] ReadMemory at 0x7ffdfa020000 of 64 bytes failed: Only part of a ReadProcessMemory or WriteProcessMemory request was completed. (0x12B)
[0728/202610.247:WARNING:pe_image_reader.cc(340)] could not read dos header from C:\Windows\System32\cfgmgr32.dll
[0728/202610.248:ERROR:process_memory_win.cc(73)] ReadMemory at 0x7ffdf58d0000 of 64 bytes failed: Only part of a ReadProcessMemory or WriteProcessMemory request was completed. (0x12B)
[0728/202610.248:WARNING:pe_image_reader.cc(340)] could not read dos header from C:\Windows\SYSTEM32\PROPSYS.dll
[0728/202610.248:ERROR:process_memory_win.cc(73)] ReadMemory at 0x7ffdfa980000 of 64 bytes failed: Only part of a ReadProcessMemory or WriteProcessMemory request was completed. (0x12B)
[0728/202610.249:WARNING:pe_image_reader.cc(340)] could not read dos header from C:\Windows\System32\shcore.dll
[0728/202610.249:ERROR:process_memory_win.cc(73)] ReadMemory at 0x7ffdf8910000 of 64 bytes failed: Only part of a ReadProcessMemory or WriteProcessMemory request was completed. (0x12B)
[0728/202610.249:WARNING:pe_image_reader.cc(340)] could not read dos header from C:\Windows\SYSTEM32\NTASN1.dll
[0728/202610.250:ERROR:process_memory_win.cc(73)] ReadMemory at 0x7ffdf8d90000 of 64 bytes failed: Only part of a ReadProcessMemory or WriteProcessMemory request was completed. (0x12B)
[0728/202610.251:WARNING:pe_image_reader.cc(340)] could not read dos header from C:\Windows\SYSTEM32\SSPICLI.DLL
[0728/202610.251:ERROR:process_memory_win.cc(73)] ReadMemory at 0x7ffdf8850000 of 64 bytes failed: Only part of a ReadProcessMemory or WriteProcessMemory request was completed. (0x12B)
[0728/202610.251:WARNING:pe_image_reader.cc(340)] could not read dos header from C:\Windows\SYSTEM32\CRYPTBASE.DLL
[0728/202610.273:ERROR:process_memory_win.cc(73)] ReadMemory at 0x7ff79a220000 of 64 bytes failed: Only part of a ReadProcessMemory or WriteProcessMemory request was completed. (0x12B)
[0728/202610.273:WARNING:pe_image_reader.cc(340)] could not read dos header from C:\Program Files (x86)\Microsoft\Edge\Application\msedge.exe
[0728/202610.273:ERROR:process_memory_win.cc(73)] ReadMemory at 0x7ffdfbfc0000 of 64 bytes failed: Only part of a ReadProcessMemory or WriteProcessMemory request was completed. (0x12B)
[0728/202610.273:WARNING:pe_image_reader.cc(340)] could not read dos header from C:\Windows\SYSTEM32\ntdll.dll
[0728/202610.274:ERROR:process_memory_win.cc(73)] ReadMemory at 0x7ffdfa070000 of 64 bytes failed: Only part of a ReadProcessMemory or WriteProcessMemory request was completed. (0x12B)
[0728/202610.274:WARNING:pe_image_reader.cc(340)] could not read dos header from C:\Windows\System32\KERNEL32.DLL
[0728/202610.274:ERROR:process_memory_win.cc(73)] ReadMemory at 0x7ffdf9d70000 of 64 bytes failed: Only part of a ReadProcessMemory or WriteProcessMemory request was completed. (0x12B)
[0728/202610.274:WARNING:pe_image_reader.cc(340)] could not read dos header from C:\Windows\System32\KERNELBASE.dll
[0728/202610.275:ERROR:process_memory_win.cc(73)] ReadMemory at 0x7ffdf7130000 of 64 bytes failed: Only part of a ReadProcessMemory or WriteProcessMemory request was completed. (0x12B)
[0728/202610.275:WARNING:pe_image_reader.cc(340)] could not read dos header from C:\Windows\SYSTEM32\apphelp.dll
[0728/202610.275:ERROR:process_memory_win.cc(73)] ReadMemory at 0x7ffdc61d0000 of 64 bytes failed: Only part of a ReadProcessMemory or WriteProcessMemory request was completed. (0x12B)
[0728/202610.276:WARNING:pe_image_reader.cc(340)] could not read dos header from C:\Program Files (x86)\Microsoft\Edge\Application\84.0.522.44\msedge_elf.dll
[0728/202610.276:ERROR:process_memory_win.cc(73)] ReadMemory at 0x7ffdf9070000 of 64 bytes failed: Only part of a ReadProcessMemory or WriteProcessMemory request was completed. (0x12B)
[0728/202610.276:WARNING:pe_image_reader.cc(340)] could not read dos header from C:\Windows\System32\bcryptPrimitives.dll
[0728/202610.276:ERROR:process_memory_win.cc(73)] ReadMemory at 0x7ffdfb2b0000 of 64 bytes failed: Only part of a ReadProcessMemory or WriteProcessMemory request was completed. (0x12B)
[0728/202610.277:WARNING:pe_image_reader.cc(340)] could not read dos header from C:\Windows\System32\ADVAPI32.dll
[0728/202610.277:ERROR:process_memory_win.cc(73)] ReadMemory at 0x7ffdfb360000 of 64 bytes failed: Only part of a ReadProcessMemory or WriteProcessMemory request was completed. (0x12B)
[0728/202610.278:WARNING:pe_image_reader.cc(340)] could not read dos header from C:\Windows\System32\msvcrt.dll
[0728/202610.278:ERROR:process_memory_win.cc(73)] ReadMemory at 0x7ffdfb400000 of 64 bytes failed: Only part of a ReadProcessMemory or WriteProcessMemory request was completed. (0x12B)
[0728/202610.279:WARNING:pe_image_reader.cc(340)] could not read dos header from C:\Windows\System32\sechost.dll
[0728/202610.279:ERROR:process_memory_win.cc(73)] ReadMemory at 0x7ffdfbe30000 of 64 bytes failed: Only part of a ReadProcessMemory or WriteProcessMemory request was completed. (0x12B)
[0728/202610.279:WARNING:pe_image_reader.cc(340)] could not read dos header from C:\Windows\System32\RPCRT4.dll
[0728/202610.280:ERROR:process_memory_win.cc(73)] ReadMemory at 0x7ffdab190000 of 64 bytes failed: Only part of a ReadProcessMemory or WriteProcessMemory request was completed. (0x12B)
[0728/202610.280:WARNING:pe_image_reader.cc(340)] could not read dos header from C:\Program Files (x86)\Microsoft\Edge\Application\84.0.522.44\msedge.dll
[0728/202610.280:ERROR:process_memory_win.cc(73)] ReadMemory at 0x7ffdfbbd0000 of 64 bytes failed: Only part of a ReadProcessMemory or WriteProcessMemory request was completed. (0x12B)
[0728/202610.280:WARNING:pe_image_reader.cc(340)] could not read dos header from C:\Windows\System32\WS2_32.dll
[0728/202610.281:ERROR:process_memory_win.cc(73)] ReadMemory at 0x7ffdfbcf0000 of 64 bytes failed: Only part of a ReadProcessMemory or WriteProcessMemory request was completed. (0x12B)
[0728/202610.281:WARNING:pe_image_reader.cc(340)] could not read dos header from C:\Windows\System32\OLEAUT32.dll
[0728/202610.281:ERROR:process_memory_win.cc(73)] ReadMemory at 0x7ffdf9110000 of 64 bytes failed: Only part of a ReadProcessMemory or WriteProcessMemory request was completed. (0x12B)
[0728/202610.282:WARNING:pe_image_reader.cc(340)] could not read dos header from C:\Windows\System32\msvcp_win.dll
[0728/202610.282:ERROR:process_memory_win.cc(73)] ReadMemory at 0x7ffdf8f40000 of 64 bytes failed: Only part of a ReadProcessMemory or WriteProcessMemory request was completed. (0x12B)
[0728/202610.282:WARNING:pe_image_reader.cc(340)] could not read dos header from C:\Windows\System32\ucrtbase.dll
[0728/202610.283:ERROR:process_memory_win.cc(73)] ReadMemory at 0x7ffdfaa30000 of 64 bytes failed: Only part of a ReadProcessMemory or WriteProcessMemory request was completed. (0x12B)
[0728/202610.283:WARNING:pe_image_reader.cc(340)] could not read dos header from C:\Windows\System32\combase.dll
[0728/202610.285:ERROR:process_memory_win.cc(73)] ReadMemory at 0x7ffdf9b70000 of 64 bytes failed: Only part of a ReadProcessMemory or WriteProcessMemory request was completed. (0x12B)
[0728/202610.285:WARNING:pe_image_reader.cc(340)] could not read dos header from C:\Windows\System32\WINTRUST.dll
[0728/202610.286:ERROR:process_memory_win.cc(73)] ReadMemory at 0x7ffdf8ed0000 of 64 bytes failed: Only part of a ReadProcessMemory or WriteProcessMemory request was completed. (0x12B)
[0728/202610.286:WARNING:pe_image_reader.cc(340)] could not read dos header from C:\Windows\System32\MSASN1.dll
[0728/202610.286:ERROR:process_memory_win.cc(73)] ReadMemory at 0x7ffdf9a20000 of 64 bytes failed: Only part of a ReadProcessMemory or WriteProcessMemory request was completed. (0x12B)
[0728/202610.286:WARNING:pe_image_reader.cc(340)] could not read dos header from C:\Windows\System32\CRYPT32.dll
[0728/202610.287:ERROR:process_memory_win.cc(73)] ReadMemory at 0x7ffdf8390000 of 64 bytes failed: Only part of a ReadProcessMemory or WriteProcessMemory request was completed. (0x12B)
[0728/202610.287:WARNING:pe_image_reader.cc(340)] could not read dos header from C:\Windows\SYSTEM32\IPHLPAPI.DLL
[0728/202610.287:ERROR:process_memory_win.cc(73)] ReadMemory at 0x7ffdf6210000 of 64 bytes failed: Only part of a ReadProcessMemory or WriteProcessMemory request was completed. (0x12B)
[0728/202610.287:WARNING:pe_image_reader.cc(340)] could not read dos header from C:\Windows\SYSTEM32\WINMM.dll
[0728/202610.288:ERROR:process_memory_win.cc(73)] ReadMemory at 0x7ffdf5150000 of 64 bytes failed: Only part of a ReadProcessMemory or WriteProcessMemory request was completed. (0x12B)
[0728/202610.289:WARNING:pe_image_reader.cc(340)] could not read dos header from C:\Windows\SYSTEM32\Secur32.dll
[0728/202610.289:ERROR:process_memory_win.cc(73)] ReadMemory at 0x7ffdf8d60000 of 64 bytes failed: Only part of a ReadProcessMemory or WriteProcessMemory request was completed. (0x12B)
[0728/202610.290:WARNING:pe_image_reader.cc(340)] could not read dos header from C:\Windows\SYSTEM32\USERENV.dll
[0728/202610.290:ERROR:process_memory_win.cc(73)] ReadMemory at 0x7ffdf8ea0000 of 64 bytes failed: Only part of a ReadProcessMemory or WriteProcessMemory request was completed. (0x12B)
[0728/202610.291:WARNING:pe_image_reader.cc(340)] could not read dos header from C:\Windows\System32\profapi.dll
[0728/202610.291:ERROR:process_memory_win.cc(73)] ReadMemory at 0x7ffdcf840000 of 64 bytes failed: Only part of a ReadProcessMemory or WriteProcessMemory request was completed. (0x12B)
[0728/202610.292:WARNING:pe_image_reader.cc(340)] could not read dos header from C:\Windows\SYSTEM32\UIAutomationCore.DLL
[0728/202610.292:ERROR:process_memory_win.cc(73)] ReadMemory at 0x7ffde7e30000 of 64 bytes failed: Only part of a ReadProcessMemory or WriteProcessMemory request was completed. (0x12B)
[0728/202610.294:WARNING:pe_image_reader.cc(340)] could not read dos header from C:\Windows\SYSTEM32\WINHTTP.dll
[0728/202610.295:ERROR:process_memory_win.cc(73)] ReadMemory at 0x7ffdeb930000 of 64 bytes failed: Only part of a ReadProcessMemory or WriteProcessMemory request was completed. (0x12B)
[0728/202610.295:WARNING:pe_image_reader.cc(340)] could not read dos header from C:\Windows\SYSTEM32\DWrite.dll
[0728/202610.296:ERROR:process_memory_win.cc(73)] ReadMemory at 0x7ffdef740000 of 64 bytes failed: Only part of a ReadProcessMemory or WriteProcessMemory request was completed. (0x12B)
[0728/202610.296:WARNING:pe_image_reader.cc(340)] could not read dos header from C:\Windows\SYSTEM32\WINSPOOL.DRV
[0728/202610.297:ERROR:process_memory_win.cc(73)] ReadMemory at 0x7ffdf8e80000 of 64 bytes failed: Only part of a ReadProcessMemory or WriteProcessMemory request was completed. (0x12B)
[0728/202610.297:WARNING:pe_image_reader.cc(340)] could not read dos header from C:\Windows\System32\kernel.appcore.dll
[0728/202610.298:ERROR:process_memory_win.cc(73)] ReadMemory at 0x7ffdf99f0000 of 64 bytes failed: Only part of a ReadProcessMemory or WriteProcessMemory request was completed. (0x12B)
[0728/202610.298:WARNING:pe_image_reader.cc(340)] could not read dos header from C:\Windows\System32\bcrypt.dll
[0728/202610.299:ERROR:process_memory_win.cc(73)] ReadMemory at 0x7ffde3ce0000 of 64 bytes failed: Only part of a ReadProcessMemory or WriteProcessMemory request was completed. (0x12B)
[0728/202610.300:WARNING:pe_image_reader.cc(340)] could not read dos header from C:\Windows\SYSTEM32\dbghelp.dll
[0728/202610.301:ERROR:process_memory_win.cc(73)] ReadMemory at 0x7ffdf8950000 of 64 bytes failed: Only part of a ReadProcessMemory or WriteProcessMemory request was completed. (0x12B)
[0728/202610.302:WARNING:pe_image_reader.cc(340)] could not read dos header from C:\Windows\SYSTEM32\ncrypt.dll
[0728/202610.302:ERROR:process_memory_win.cc(73)] ReadMemory at 0x7ffdf1390000 of 64 bytes failed: Only part of a ReadProcessMemory or WriteProcessMemory request was completed. (0x12B)
[0728/202610.303:WARNING:pe_image_reader.cc(340)] could not read dos header from C:\Windows\SYSTEM32\dhcpcsvc.DLL
[0728/202610.303:ERROR:process_memory_win.cc(73)] ReadMemory at 0x7ffdfbbc0000 of 64 bytes failed: Only part of a ReadProcessMemory or WriteProcessMemory request was completed. (0x12B)
[0728/202610.304:WARNING:pe_image_reader.cc(340)] could not read dos header from C:\Windows\System32\NSI.dll
[0728/202610.304:ERROR:process_memory_win.cc(73)] ReadMemory at 0x7ffdf5c20000 of 64 bytes failed: Only part of a ReadProcessMemory or WriteProcessMemory request was completed. (0x12B)
[0728/202610.304:WARNING:pe_image_reader.cc(340)] could not read dos header from C:\Windows\SYSTEM32\WINMMBASE.dll
[0728/202610.305:ERROR:process_memory_win.cc(73)] ReadMemory at 0x7ffdfa020000 of 64 bytes failed: Only part of a ReadProcessMemory or WriteProcessMemory request was completed. (0x12B)
[0728/202610.305:WARNING:pe_image_reader.cc(340)] could not read dos header from C:\Windows\System32\cfgmgr32.dll
[0728/202610.305:ERROR:process_memory_win.cc(73)] ReadMemory at 0x7ffdf58d0000 of 64 bytes failed: Only part of a ReadProcessMemory or WriteProcessMemory request was completed. (0x12B)
[0728/202610.305:WARNING:pe_image_reader.cc(340)] could not read dos header from C:\Windows\SYSTEM32\PROPSYS.dll
[0728/202610.306:ERROR:process_memory_win.cc(73)] ReadMemory at 0x7ffdfa980000 of 64 bytes failed: Only part of a ReadProcessMemory or WriteProcessMemory request was completed. (0x12B)
[0728/202610.306:WARNING:pe_image_reader.cc(340)] could not read dos header from C:\Windows\System32\shcore.dll
[0728/202610.306:ERROR:process_memory_win.cc(73)] ReadMemory at 0x7ffdf8910000 of 64 bytes failed: Only part of a ReadProcessMemory or WriteProcessMemory request was completed. (0x12B)
[0728/202610.307:WARNING:pe_image_reader.cc(340)] could not read dos header from C:\Windows\SYSTEM32\NTASN1.dll
[0728/202610.307:ERROR:process_memory_win.cc(73)] ReadMemory at 0x7ffdf8d90000 of 64 bytes failed: Only part of a ReadProcessMemory or WriteProcessMemory request was completed. (0x12B)
[0728/202610.307:WARNING:pe_image_reader.cc(340)] could not read dos header from C:\Windows\SYSTEM32\SSPICLI.DLL
[0728/202610.308:ERROR:process_memory_win.cc(73)] ReadMemory at 0x7ffdf8850000 of 64 bytes failed: Only part of a ReadProcessMemory or WriteProcessMemory request was completed. (0x12B)
[0728/202610.308:WARNING:pe_image_reader.cc(340)] could not read dos header from C:\Windows\SYSTEM32\CRYPTBASE.DLL
[0728/202610.309:ERROR:process_memory_win.cc(73)] ReadMemory at 0x7ff79a220000 of 64 bytes failed: Only part of a ReadProcessMemory or WriteProcessMemory request was completed. (0x12B)
[0728/202610.310:WARNING:pe_image_reader.cc(340)] could not read dos header from C:\Program Files (x86)\Microsoft\Edge\Application\msedge.exe
[0728/202610.310:ERROR:process_memory_win.cc(73)] ReadMemory at 0x7ffdfbfc0000 of 64 bytes failed: Only part of a ReadProcessMemory or WriteProcessMemory request was completed. (0x12B)
[0728/202610.310:WARNING:pe_image_reader.cc(340)] could not read dos header from C:\Windows\SYSTEM32\ntdll.dll
[0728/202610.311:ERROR:process_memory_win.cc(73)] ReadMemory at 0x7ffdfa070000 of 64 bytes failed: Only part of a ReadProcessMemory or WriteProcessMemory request was completed. (0x12B)
[0728/202610.311:WARNING:pe_image_reader.cc(340)] could not read dos header from C:\Windows\System32\KERNEL32.DLL
[0728/202610.312:ERROR:process_memory_win.cc(73)] ReadMemory at 0x7ffdf9d70000 of 64 bytes failed: Only part of a ReadProcessMemory or WriteProcessMemory request was completed. (0x12B)
[0728/202610.312:WARNING:pe_image_reader.cc(340)] could not read dos header from C:\Windows\System32\KERNELBASE.dll
[0728/202610.312:ERROR:process_memory_win.cc(73)] ReadMemory at 0x7ffdf7130000 of 64 bytes failed: Only part of a ReadProcessMemory or WriteProcessMemory request was completed. (0x12B)
[0728/202610.313:WARNING:pe_image_reader.cc(340)] could not read dos header from C:\Windows\SYSTEM32\apphelp.dll
[0728/202610.313:ERROR:process_memory_win.cc(73)] ReadMemory at 0x7ffdc61d0000 of 64 bytes failed: Only part of a ReadProcessMemory or WriteProcessMemory request was completed. (0x12B)
[0728/202610.313:WARNING:pe_image_reader.cc(340)] could not read dos header from C:\Program Files (x86)\Microsoft\Edge\Application\84.0.522.44\msedge_elf.dll
[0728/202610.314:ERROR:process_memory_win.cc(73)] ReadMemory at 0x7ffdf9070000 of 64 bytes failed: Only part of a ReadProcessMemory or WriteProcessMemory request was completed. (0x12B)
[0728/202610.314:WARNING:pe_image_reader.cc(340)] could not read dos header from C:\Windows\System32\bcryptPrimitives.dll
[0728/202610.315:ERROR:process_memory_win.cc(73)] ReadMemory at 0x7ffdfb2b0000 of 64 bytes failed: Only part of a ReadProcessMemory or WriteProcessMemory request was completed. (0x12B)
[0728/202610.315:WARNING:pe_image_reader.cc(340)] could not read dos header from C:\Windows\System32\ADVAPI32.dll
[0728/202610.316:ERROR:process_memory_win.cc(73)] ReadMemory at 0x7ffdfb360000 of 64 bytes failed: Only part of a ReadProcessMemory or WriteProcessMemory request was completed. (0x12B)
[0728/202610.316:WARNING:pe_image_reader.cc(340)] could not read dos header from C:\Windows\System32\msvcrt.dll
[0728/202610.317:ERROR:process_memory_win.cc(73)] ReadMemory at 0x7ffdfb400000 of 64 bytes failed: Only part of a ReadProcessMemory or WriteProcessMemory request was completed. (0x12B)
[0728/202610.317:WARNING:pe_image_reader.cc(340)] could not read dos header from C:\Windows\System32\sechost.dll
[0728/202610.318:ERROR:process_memory_win.cc(73)] ReadMemory at 0x7ffdfbe30000 of 64 bytes failed: Only part of a ReadProcessMemory or WriteProcessMemory request was completed. (0x12B)
[0728/202610.318:WARNING:pe_image_reader.cc(340)] could not read dos header from C:\Windows\System32\RPCRT4.dll
[0728/202610.318:ERROR:process_memory_win.cc(73)] ReadMemory at 0x7ffdab190000 of 64 bytes failed: Only part of a ReadProcessMemory or WriteProcessMemory request was completed. (0x12B)
[0728/202610.319:WARNING:pe_image_reader.cc(340)] could not read dos header from C:\Program Files (x86)\Microsoft\Edge\Application\84.0.522.44\msedge.dll
[0728/202610.319:ERROR:process_memory_win.cc(73)] ReadMemory at 0x7ffdfbbd0000 of 64 bytes failed: Only part of a ReadProcessMemory or WriteProcessMemory request was completed. (0x12B)
[0728/202610.319:WARNING:pe_image_reader.cc(340)] could not read dos header from C:\Windows\System32\WS2_32.dll
[0728/202610.320:ERROR:process_memory_win.cc(73)] ReadMemory at 0x7ffdfbcf0000 of 64 bytes failed: Only part of a ReadProcessMemory or WriteProcessMemory request was completed. (0x12B)
[0728/202610.320:WARNING:pe_image_reader.cc(340)] could not read dos header from C:\Windows\System32\OLEAUT32.dll
[0728/202610.320:ERROR:process_memory_win.cc(73)] ReadMemory at 0x7ffdf9110000 of 64 bytes failed: Only part of a ReadProcessMemory or WriteProcessMemory request was completed. (0x12B)
[0728/202610.320:WARNING:pe_image_reader.cc(340)] could not read dos header from C:\Windows\System32\msvcp_win.dll
[0728/202610.321:ERROR:process_memory_win.cc(73)] ReadMemory at 0x7ffdf8f40000 of 64 bytes failed: Only part of a ReadProcessMemory or WriteProcessMemory request was completed. (0x12B)
[0728/202610.321:WARNING:pe_image_reader.cc(340)] could not read dos header from C:\Windows\System32\ucrtbase.dll
[0728/202610.321:ERROR:process_memory_win.cc(73)] ReadMemory at 0x7ffdfaa30000 of 64 bytes failed: Only part of a ReadProcessMemory or WriteProcessMemory request was completed. (0x12B)
[0728/202610.321:WARNING:pe_image_reader.cc(340)] could not read dos header from C:\Windows\System32\combase.dll
[0728/202610.322:ERROR:process_memory_win.cc(73)] ReadMemory at 0x7ffdf9b70000 of 64 bytes failed: Only part of a ReadProcessMemory or WriteProcessMemory request was completed. (0x12B)
[0728/202610.322:WARNING:pe_image_reader.cc(340)] could not read dos header from C:\Windows\System32\WINTRUST.dll
[0728/202610.322:ERROR:process_memory_win.cc(73)] ReadMemory at 0x7ffdf8ed0000 of 64 bytes failed: Only part of a ReadProcessMemory or WriteProcessMemory request was completed. (0x12B)
[0728/202610.323:WARNING:pe_image_reader.cc(340)] could not read dos header from C:\Windows\System32\MSASN1.dll
[0728/202610.323:ERROR:process_memory_win.cc(73)] ReadMemory at 0x7ffdf9a20000 of 64 bytes failed: Only part of a ReadProcessMemory or WriteProcessMemory request was completed. (0x12B)
[0728/202610.323:WARNING:pe_image_reader.cc(340)] could not read dos header from C:\Windows\System32\CRYPT32.dll
[0728/202610.324:ERROR:process_memory_win.cc(73)] ReadMemory at 0x7ffdf8390000 of 64 bytes failed: Only part of a ReadProcessMemory or WriteProcessMemory request was completed. (0x12B)
[0728/202610.324:WARNING:pe_image_reader.cc(340)] could not read dos header from C:\Windows\SYSTEM32\IPHLPAPI.DLL
[0728/202610.324:ERROR:process_memory_win.cc(73)] ReadMemory at 0x7ffdf6210000 of 64 bytes failed: Only part of a ReadProcessMemory or WriteProcessMemory request was completed. (0x12B)
[0728/202610.325:WARNING:pe_image_reader.cc(340)] could not read dos header from C:\Windows\SYSTEM32\WINMM.dll
[0728/202610.326:ERROR:process_memory_win.cc(73)] ReadMemory at 0x7ffdf5150000 of 64 bytes failed: Only part of a ReadProcessMemory or WriteProcessMemory request was completed. (0x12B)
[0728/202610.326:WARNING:pe_image_reader.cc(340)] could not read dos header from C:\Windows\SYSTEM32\Secur32.dll
[0728/202610.327:ERROR:process_memory_win.cc(73)] ReadMemory at 0x7ffdf8d60000 of 64 bytes failed: Only part of a ReadProcessMemory or WriteProcessMemory request was completed. (0x12B)
[0728/202610.327:WARNING:pe_image_reader.cc(340)] could not read dos header from C:\Windows\SYSTEM32\USERENV.dll
[0728/202610.327:ERROR:process_memory_win.cc(73)] ReadMemory at 0x7ffdf8ea0000 of 64 bytes failed: Only part of a ReadProcessMemory or WriteProcessMemory request was completed. (0x12B)
[0728/202610.328:WARNING:pe_image_reader.cc(340)] could not read dos header from C:\Windows\System32\profapi.dll
[0728/202610.329:ERROR:process_memory_win.cc(73)] ReadMemory at 0x7ffdcf840000 of 64 bytes failed: Only part of a ReadProcessMemory or WriteProcessMemory request was completed. (0x12B)
[0728/202610.330:WARNING:pe_image_reader.cc(340)] could not read dos header from C:\Windows\SYSTEM32\UIAutomationCore.DLL
[0728/202610.330:ERROR:process_memory_win.cc(73)] ReadMemory at 0x7ffde7e30000 of 64 bytes failed: Only part of a ReadProcessMemory or WriteProcessMemory request was completed. (0x12B)
[0728/202610.331:WARNING:pe_image_reader.cc(340)] could not read dos header from C:\Windows\SYSTEM32\WINHTTP.dll
[0728/202610.332:ERROR:process_memory_win.cc(73)] ReadMemory at 0x7ffdeb930000 of 64 bytes failed: Only part of a ReadProcessMemory or WriteProcessMemory request was completed. (0x12B)
[0728/202610.332:WARNING:pe_image_reader.cc(340)] could not read dos header from C:\Windows\SYSTEM32\DWrite.dll
[0728/202610.333:ERROR:process_memory_win.cc(73)] ReadMemory at 0x7ffdef740000 of 64 bytes failed: Only part of a ReadProcessMemory or WriteProcessMemory request was completed. (0x12B)
[0728/202610.334:WARNING:pe_image_reader.cc(340)] could not read dos header from C:\Windows\SYSTEM32\WINSPOOL.DRV
[0728/202610.334:ERROR:process_memory_win.cc(73)] ReadMemory at 0x7ffdf8e80000 of 64 bytes failed: Only part of a ReadProcessMemory or WriteProcessMemory request was completed. (0x12B)
[0728/202610.335:WARNING:pe_image_reader.cc(340)] could not read dos header from C:\Windows\System32\kernel.appcore.dll
[0728/202610.336:ERROR:process_memory_win.cc(73)] ReadMemory at 0x7ffdf99f0000 of 64 bytes failed: Only part of a ReadProcessMemory or WriteProcessMemory request was completed. (0x12B)
[0728/202610.336:WARNING:pe_image_reader.cc(340)] could not read dos header from C:\Windows\System32\bcrypt.dll
[0728/202610.337:ERROR:process_memory_win.cc(73)] ReadMemory at 0x7ffde3ce0000 of 64 bytes failed: Only part of a ReadProcessMemory or WriteProcessMemory request was completed. (0x12B)
[0728/202610.337:WARNING:pe_image_reader.cc(340)] could not read dos header from C:\Windows\SYSTEM32\dbghelp.dll
[0728/202610.338:ERROR:process_memory_win.cc(73)] ReadMemory at 0x7ffdf8950000 of 64 bytes failed: Only part of a ReadProcessMemory or WriteProcessMemory request was completed. (0x12B)
[0728/202610.338:WARNING:pe_image_reader.cc(340)] could not read dos header from C:\Windows\SYSTEM32\ncrypt.dll
[0728/202610.338:ERROR:process_memory_win.cc(73)] ReadMemory at 0x7ffdf1390000 of 64 bytes failed: Only part of a ReadProcessMemory or WriteProcessMemory request was completed. (0x12B)
[0728/202610.338:WARNING:pe_image_reader.cc(340)] could not read dos header from C:\Windows\SYSTEM32\dhcpcsvc.DLL
[0728/202610.339:ERROR:process_memory_win.cc(73)] ReadMemory at 0x7ffdfbbc0000 of 64 bytes failed: Only part of a ReadProcessMemory or WriteProcessMemory request was completed. (0x12B)
[0728/202610.339:WARNING:pe_image_reader.cc(340)] could not read dos header from C:\Windows\System32\NSI.dll
[0728/202610.339:ERROR:process_memory_win.cc(73)] ReadMemory at 0x7ffdf5c20000 of 64 bytes failed: Only part of a ReadProcessMemory or WriteProcessMemory request was completed. (0x12B)
[0728/202610.340:WARNING:pe_image_reader.cc(340)] could not read dos header from C:\Windows\SYSTEM32\WINMMBASE.dll
[0728/202610.340:ERROR:process_memory_win.cc(73)] ReadMemory at 0x7ffdfa020000 of 64 bytes failed: Only part of a ReadProcessMemory or WriteProcessMemory request was completed. (0x12B)
[0728/202610.340:WARNING:pe_image_reader.cc(340)] could not read dos header from C:\Windows\System32\cfgmgr32.dll
[0728/202610.341:ERROR:process_memory_win.cc(73)] ReadMemory at 0x7ffdf58d0000 of 64 bytes failed: Only part of a ReadProcessMemory or WriteProcessMemory request was completed. (0x12B)
[0728/202610.341:WARNING:pe_image_reader.cc(340)] could not read dos header from C:\Windows\SYSTEM32\PROPSYS.dll
[0728/202610.341:ERROR:process_memory_win.cc(73)] ReadMemory at 0x7ffdfa980000 of 64 bytes failed: Only part of a ReadProcessMemory or WriteProcessMemory request was completed. (0x12B)
[0728/202610.342:WARNING:pe_image_reader.cc(340)] could not read dos header from C:\Windows\System32\shcore.dll
[0728/202610.342:ERROR:process_memory_win.cc(73)] ReadMemory at 0x7ffdf8910000 of 64 bytes failed: Only part of a ReadProcessMemory or WriteProcessMemory request was completed. (0x12B)
[0728/202610.342:WARNING:pe_image_reader.cc(340)] could not read dos header from C:\Windows\SYSTEM32\NTASN1.dll
[0728/202610.343:ERROR:process_memory_win.cc(73)] ReadMemory at 0x7ffdf8d90000 of 64 bytes failed: Only part of a ReadProcessMemory or WriteProcessMemory request was completed. (0x12B)
[0728/202610.343:WARNING:pe_image_reader.cc(340)] could not read dos header from C:\Windows\SYSTEM32\SSPICLI.DLL
[0728/202610.343:ERROR:process_memory_win.cc(73)] ReadMemory at 0x7ffdf8850000 of 64 bytes failed: Only part of a ReadProcessMemory or WriteProcessMemory request was completed. (0x12B)
[0728/202610.344:WARNING:pe_image_reader.cc(340)] could not read dos header from C:\Windows\SYSTEM32\CRYPTBASE.DLL
[0728/202613.294:ERROR:process_memory_win.cc(73)] ReadMemory at 0x105adf0000 of 65536 bytes failed: Only part of a ReadProcessMemory or WriteProcessMemory request was completed. (0x12B)
[0728/202613.296:ERROR:process_memory_win.cc(73)] ReadMemory at 0x105b5fe000 of 8192 bytes failed: Only part of a ReadProcessMemory or WriteProcessMemory request was completed. (0x12B)
[0728/202613.297:ERROR:process_memory_win.cc(73)] ReadMemory at 0x105bdfd000 of 12288 bytes failed: Only part of a ReadProcessMemory or WriteProcessMemory request was completed. (0x12B)
[0728/202613.298:ERROR:process_memory_win.cc(73)] ReadMemory at 0x105cdfd000 of 12288 bytes failed: Only part of a ReadProcessMemory or WriteProcessMemory request was completed. (0x12B)
[0728/202613.299:ERROR:process_memory_win.cc(73)] ReadMemory at 0x105d5fc000 of 16384 bytes failed: Only part of a ReadProcessMemory or WriteProcessMemory request was completed. (0x12B)
[0728/202613.300:ERROR:process_memory_win.cc(73)] ReadMemory at 0x105ddfd000 of 12288 bytes failed: Only part of a ReadProcessMemory or WriteProcessMemory request was completed. (0x12B)
[0728/202613.300:ERROR:process_memory_win.cc(73)] ReadMemory at 0x105e5fb000 of 20480 bytes failed: Only part of a ReadProcessMemory or WriteProcessMemory request was completed. (0x12B)
[0728/202613.301:ERROR:process_memory_win.cc(73)] ReadMemory at 0x105f5fd000 of 12288 bytes failed: Only part of a ReadProcessMemory or WriteProcessMemory request was completed. (0x12B)
[0728/202613.302:ERROR:process_memory_win.cc(73)] ReadMemory at 0x105fdf9000 of 28672 bytes failed: Only part of a ReadProcessMemory or WriteProcessMemory request was completed. (0x12B)
[0728/202613.305:ERROR:process_memory_win.cc(73)] ReadMemory at 0x10605f7000 of 36864 bytes failed: Only part of a ReadProcessMemory or WriteProcessMemory request was completed. (0x12B)
[0728/202613.307:ERROR:process_memory_win.cc(73)] ReadMemory at 0x1060df9000 of 28672 bytes failed: Only part of a ReadProcessMemory or WriteProcessMemory request was completed. (0x12B)
[0728/202613.308:ERROR:process_memory_win.cc(73)] ReadMemory at 0x10615f9000 of 28672 bytes failed: Only part of a ReadProcessMemory or WriteProcessMemory request was completed. (0x12B)
[0728/202613.309:ERROR:process_memory_win.cc(73)] ReadMemory at 0x1061dfd000 of 12288 bytes failed: Only part of a ReadProcessMemory or WriteProcessMemory request was completed. (0x12B)
[0728/202613.310:ERROR:process_memory_win.cc(73)] ReadMemory at 0x105edfd000 of 12288 bytes failed: Only part of a ReadProcessMemory or WriteProcessMemory request was completed. (0x12B)
[0728/202613.312:ERROR:process_memory_win.cc(73)] ReadMemory at 0x10625fd000 of 12288 bytes failed: Only part of a ReadProcessMemory or WriteProcessMemory request was completed. (0x12B)
[0728/202613.314:ERROR:process_memory_win.cc(73)] ReadMemory at 0x105c5fd000 of 12288 bytes failed: Only part of a ReadProcessMemory or WriteProcessMemory request was completed. (0x12B)
[0728/202613.314:ERROR:process_memory_win.cc(73)] ReadMemory at 0x1062dfd000 of 12288 bytes failed: Only part of a ReadProcessMemory or WriteProcessMemory request was completed. (0x12B)
[0728/202613.315:ERROR:process_memory_win.cc(73)] ReadMemory at 0x10635fd000 of 12288 bytes failed: Only part of a ReadProcessMemory or WriteProcessMemory request was completed. (0x12B)
[0728/202613.316:ERROR:process_memory_win.cc(73)] ReadMemory at 0x1063dfd000 of 12288 bytes failed: Only part of a ReadProcessMemory or WriteProcessMemory request was completed. (0x12B)
[0728/202613.317:ERROR:process_memory_win.cc(73)] ReadMemory at 0x1064dfd000 of 12288 bytes failed: Only part of a ReadProcessMemory or WriteProcessMemory request was completed. (0x12B)
[0728/202613.318:ERROR:process_memory_win.cc(73)] ReadMemory at 0x10645fd000 of 12288 bytes failed: Only part of a ReadProcessMemory or WriteProcessMemory request was completed. (0x12B)
[0728/202613.319:ERROR:process_memory_win.cc(73)] ReadMemory at 0x10655fd000 of 12288 bytes failed: Only part of a ReadProcessMemory or WriteProcessMemory request was completed. (0x12B)
[0728/202613.320:ERROR:process_memory_win.cc(73)] ReadMemory at 0x1065dfe000 of 8192 bytes failed: Only part of a ReadProcessMemory or WriteProcessMemory request was completed. (0x12B)
[0728/202613.321:ERROR:process_memory_win.cc(73)] ReadMemory at 0x105a41e000 of 6024 bytes failed: Only part of a ReadProcessMemory or WriteProcessMemory request was completed. (0x12B)
[0728/202613.322:ERROR:process_memory_win.cc(73)] ReadMemory at 0x105a422000 of 6024 bytes failed: Only part of a ReadProcessMemory or WriteProcessMemory request was completed. (0x12B)
[0728/202613.322:ERROR:process_memory_win.cc(73)] ReadMemory at 0x105a424000 of 6024 bytes failed: Only part of a ReadProcessMemory or WriteProcessMemory request was completed. (0x12B)
[0728/202613.324:ERROR:process_memory_win.cc(73)] ReadMemory at 0x105a426000 of 6024 bytes failed: Only part of a ReadProcessMemory or WriteProcessMemory request was completed. (0x12B)
[0728/202613.325:ERROR:process_memory_win.cc(73)] ReadMemory at 0x105a428000 of 6024 bytes failed: Only part of a ReadProcessMemory or WriteProcessMemory request was completed. (0x12B)
[0728/202613.325:ERROR:process_memory_win.cc(73)] ReadMemory at 0x105a42a000 of 6024 bytes failed: Only part of a ReadProcessMemory or WriteProcessMemory request was completed. (0x12B)
[0728/202613.326:ERROR:process_memory_win.cc(73)] ReadMemory at 0x105a42c000 of 6024 bytes failed: Only part of a ReadProcessMemory or WriteProcessMemory request was completed. (0x12B)
[0728/202613.327:ERROR:process_memory_win.cc(73)] ReadMemory at 0x105a42e000 of 6024 bytes failed: Only part of a ReadProcessMemory or WriteProcessMemory request was completed. (0x12B)
[0728/202613.328:ERROR:process_memory_win.cc(73)] ReadMemory at 0x105a51e000 of 852 bytes failed: Only part of a ReadProcessMemory or WriteProcessMemory request was completed. (0x12B)
[0728/202613.329:ERROR:process_memory_win.cc(73)] ReadMemory at 0x105a51f000 of 6024 bytes failed: Only part of a ReadProcessMemory or WriteProcessMemory request was completed. (0x12B)
[0728/202613.330:ERROR:process_memory_win.cc(73)] ReadMemory at 0x105a521000 of 6024 bytes failed: Only part of a ReadProcessMemory or WriteProcessMemory request was completed. (0x12B)
[0728/202613.330:ERROR:process_memory_win.cc(73)] ReadMemory at 0x105a523000 of 6024 bytes failed: Only part of a ReadProcessMemory or WriteProcessMemory request was completed. (0x12B)
[0728/202613.331:ERROR:process_memory_win.cc(73)] ReadMemory at 0x105a527000 of 6024 bytes failed: Only part of a ReadProcessMemory or WriteProcessMemory request was completed. (0x12B)
[0728/202613.331:ERROR:process_memory_win.cc(73)] ReadMemory at 0x105a529000 of 6024 bytes failed: Only part of a ReadProcessMemory or WriteProcessMemory request was completed. (0x12B)
[0728/202613.332:ERROR:process_memory_win.cc(73)] ReadMemory at 0x105a52b000 of 6024 bytes failed: Only part of a ReadProcessMemory or WriteProcessMemory request was completed. (0x12B)
[0728/202613.332:ERROR:process_memory_win.cc(73)] ReadMemory at 0x105a52d000 of 6024 bytes failed: Only part of a ReadProcessMemory or WriteProcessMemory request was completed. (0x12B)
[0728/202613.333:ERROR:process_memory_win.cc(73)] ReadMemory at 0x105a531000 of 6024 bytes failed: Only part of a ReadProcessMemory or WriteProcessMemory request was completed. (0x12B)
[0728/202613.334:ERROR:process_memory_win.cc(73)] ReadMemory at 0x105a533000 of 6024 bytes failed: Only part of a ReadProcessMemory or WriteProcessMemory request was completed. (0x12B)
[0728/202613.335:ERROR:process_memory_win.cc(73)] ReadMemory at 0x105a535000 of 6024 bytes failed: Only part of a ReadProcessMemory or WriteProcessMemory request was completed. (0x12B)
[0728/202613.335:ERROR:process_memory_win.cc(73)] ReadMemory at 0x105a537000 of 6024 bytes failed: Only part of a ReadProcessMemory or WriteProcessMemory request was completed. (0x12B)
[0728/202613.336:ERROR:process_memory_win.cc(73)] ReadMemory at 0x105a539000 of 6024 bytes failed: Only part of a ReadProcessMemory or WriteProcessMemory request was completed. (0x12B)
[0728/202613.337:ERROR:process_memory_win.cc(73)] ReadMemory at 0x105a53b000 of 6024 bytes failed: Only part of a ReadProcessMemory or WriteProcessMemory request was completed. (0x12B)
[0728/202613.337:ERROR:process_memory_win.cc(73)] ReadMemory at 0x105a53d000 of 6024 bytes failed: Only part of a ReadProcessMemory or WriteProcessMemory request was completed. (0x12B)
[0728/202613.338:ERROR:process_memory_win.cc(73)] ReadMemory at 0x105a53f000 of 6024 bytes failed: Only part of a ReadProcessMemory or WriteProcessMemory request was completed. (0x12B)
[0728/202613.339:ERROR:process_memory_win.cc(73)] ReadMemory at 0x1b16c4c02c0 of 40 bytes failed: Only part of a ReadProcessMemory or WriteProcessMemory request was completed. (0x12B)
[0728/202613.340:ERROR:process_memory_win.cc(73)] ReadMemory at 0x1b16c4d02c0 of 40 bytes failed: Only part of a ReadProcessMemory or WriteProcessMemory request was completed. (0x12B)
[0728/202613.341:ERROR:process_memory_win.cc(73)] ReadMemory at 0x1b16c641480 of 512 bytes failed: Only part of a ReadProcessMemory or WriteProcessMemory request was completed. (0x12B)
[0728/202613.342:ERROR:process_memory_win.cc(73)] ReadMemory at 0x1b16c6a02c0 of 40 bytes failed: Only part of a ReadProcessMemory or WriteProcessMemory request was completed. (0x12B)
[0728/202613.342:ERROR:process_memory_win.cc(73)] ReadMemory at 0x1b16c6a0fe0 of 4394 bytes failed: Only part of a ReadProcessMemory or WriteProcessMemory request was completed. (0x12B)
[0728/202613.343:ERROR:process_memory_win.cc(73)] ReadMemory at 0x1b16c6a2120 of 1012 bytes failed: Only part of a ReadProcessMemory or WriteProcessMemory request was completed. (0x12B)
[0728/202613.343:ERROR:process_memory_win.cc(73)] ReadMemory at 0x1b16c6a2768 of 120 bytes failed: Only part of a ReadProcessMemory or WriteProcessMemory request was completed. (0x12B)
[0728/202613.344:ERROR:process_memory_win.cc(73)] ReadMemory at 0x1b16c6a27e2 of 760 bytes failed: Only part of a ReadProcessMemory or WriteProcessMemory request was completed. (0x12B)
[0728/202613.345:ERROR:process_memory_win.cc(73)] ReadMemory at 0x1b16c6a2adc of 120 bytes failed: Only part of a ReadProcessMemory or WriteProcessMemory request was completed. (0x12B)
[0728/202613.346:ERROR:process_memory_win.cc(73)] ReadMemory at 0x1b16c6a2b56 of 96 bytes failed: Only part of a ReadProcessMemory or WriteProcessMemory request was completed. (0x12B)
[0728/202613.347:ERROR:process_memory_win.cc(73)] ReadMemory at 0x1b16c6a2bd0 of 58 bytes failed: Only part of a ReadProcessMemory or WriteProcessMemory request was completed. (0x12B)
[0728/202613.347:ERROR:process_memory_win.cc(73)] ReadMemory at 0x1b16c6a2cd0 of 132 bytes failed: Only part of a ReadProcessMemory or WriteProcessMemory request was completed. (0x12B)
[0728/202613.348:ERROR:process_memory_win.cc(73)] ReadMemory at 0x1b16c6a2e60 of 132 bytes failed: Only part of a ReadProcessMemory or WriteProcessMemory request was completed. (0x12B)
[0728/202613.349:ERROR:process_memory_win.cc(73)] ReadMemory at 0x1b16c6a3400 of 132 bytes failed: Only part of a ReadProcessMemory or WriteProcessMemory request was completed. (0x12B)
[0728/202613.350:ERROR:process_memory_win.cc(73)] ReadMemory at 0x1b16c6a3590 of 64 bytes failed: Only part of a ReadProcessMemory or WriteProcessMemory request was completed. (0x12B)
[0728/202613.351:ERROR:process_memory_win.cc(73)] ReadMemory at 0x1b16c6a36f0 of 132 bytes failed: Only part of a ReadProcessMemory or WriteProcessMemory request was completed. (0x12B)
[0728/202613.352:ERROR:process_memory_win.cc(73)] ReadMemory at 0x1b16c6a3880 of 62 bytes failed: Only part of a ReadProcessMemory or WriteProcessMemory request was completed. (0x12B)
[0728/202613.353:ERROR:process_memory_win.cc(73)] ReadMemory at 0x1b16c6a39f0 of 132 bytes failed: Only part of a ReadProcessMemory or WriteProcessMemory request was completed. (0x12B)
[0728/202613.353:ERROR:process_memory_win.cc(73)] ReadMemory at 0x1b16c6a3b80 of 68 bytes failed: Only part of a ReadProcessMemory or WriteProcessMemory request was completed. (0x12B)
[0728/202613.354:ERROR:process_memory_win.cc(73)] ReadMemory at 0x1b16c6b06f0 of 132 bytes failed: Only part of a ReadProcessMemory or WriteProcessMemory request was completed. (0x12B)
[0728/202613.355:ERROR:process_memory_win.cc(73)] ReadMemory at 0x1b16c6b0820 of 152 bytes failed: Only part of a ReadProcessMemory or WriteProcessMemory request was completed. (0x12B)
[0728/202613.379:ERROR:process_memory_win.cc(73)] ReadMemory at 0x1b16c6b6040 of 60 bytes failed: Only part of a ReadProcessMemory or WriteProcessMemory request was completed. (0x12B)
[0728/202613.379:ERROR:process_memory_win.cc(73)] ReadMemory at 0x1b16c6b6180 of 62 bytes failed: Only part of a ReadProcessMemory or WriteProcessMemory request was completed. (0x12B)
[0728/202613.380:ERROR:process_memory_win.cc(73)] ReadMemory at 0x1b16c6b61d0 of 60 bytes failed: Only part of a ReadProcessMemory or WriteProcessMemory request was completed. (0x12B)
[0728/202613.381:ERROR:process_memory_win.cc(73)] ReadMemory at 0x1b16c6b6360 of 62 bytes failed: Only part of a ReadProcessMemory or WriteProcessMemory request was completed. (0x12B)
[0728/202613.382:ERROR:process_memory_win.cc(73)] ReadMemory at 0x1b16c6b67e0 of 54 bytes failed: Only part of a ReadProcessMemory or WriteProcessMemory request was completed. (0x12B)
[0728/202613.382:ERROR:process_memory_win.cc(73)] ReadMemory at 0x1b16c6bac00 of 144 bytes failed: Only part of a ReadProcessMemory or WriteProcessMemory request was completed. (0x12B)
[0728/202613.383:ERROR:process_memory_win.cc(73)] ReadMemory at 0x1b16c6bb5c0 of 80 bytes failed: Only part of a ReadProcessMemory or WriteProcessMemory request was completed. (0x12B)
[0728/202613.384:ERROR:process_memory_win.cc(73)] ReadMemory at 0x1b16c6bd780 of 132 bytes failed: Only part of a ReadProcessMemory or WriteProcessMemory request was completed. (0x12B)
[0728/202613.385:ERROR:process_memory_win.cc(73)] ReadMemory at 0x1b16c6be0e0 of 132 bytes failed: Only part of a ReadProcessMemory or WriteProcessMemory request was completed. (0x12B)
[0728/202613.386:ERROR:process_memory_win.cc(73)] ReadMemory at 0x1b16c6be300 of 132 bytes failed: Only part of a ReadProcessMemory or WriteProcessMemory request was completed. (0x12B)
[0728/202613.387:ERROR:process_memory_win.cc(73)] ReadMemory at 0x1b16c6be660 of 132 bytes failed: Only part of a ReadProcessMemory or WriteProcessMemory request was completed. (0x12B)
[0728/202613.389:ERROR:process_memory_win.cc(73)] ReadMemory at 0x1b16c6be870 of 132 bytes failed: Only part of a ReadProcessMemory or WriteProcessMemory request was completed. (0x12B)
[0728/202613.390:ERROR:process_memory_win.cc(73)] ReadMemory at 0x1b16c6beba0 of 132 bytes failed: Only part of a ReadProcessMemory or WriteProcessMemory request was completed. (0x12B)
[0728/202613.390:ERROR:process_memory_win.cc(73)] ReadMemory at 0x1b16c6becd0 of 132 bytes failed: Only part of a ReadProcessMemory or WriteProcessMemory request was completed. (0x12B)
[0728/202613.391:ERROR:process_memory_win.cc(73)] ReadMemory at 0x1b16c6bef30 of 132 bytes failed: Only part of a ReadProcessMemory or WriteProcessMemory request was completed. (0x12B)
[0728/202613.392:ERROR:process_memory_win.cc(73)] ReadMemory at 0x1b16c6bf060 of 132 bytes failed: Only part of a ReadProcessMemory or WriteProcessMemory request was completed. (0x12B)
[0728/202613.393:ERROR:process_memory_win.cc(73)] ReadMemory at 0x1b16c6bf190 of 132 bytes failed: Only part of a ReadProcessMemory or WriteProcessMemory request was completed. (0x12B)
[0728/202613.394:ERROR:process_memory_win.cc(73)] ReadMemory at 0x1b16c6bf2c0 of 132 bytes failed: Only part of a ReadProcessMemory or WriteProcessMemory request was completed. (0x12B)
[0728/202613.395:ERROR:process_memory_win.cc(73)] ReadMemory at 0x1b16c6bf3f0 of 132 bytes failed: Only part of a ReadProcessMemory or WriteProcessMemory request was completed. (0x12B)
[0728/202613.395:ERROR:process_memory_win.cc(73)] ReadMemory at 0x1b16c6bf520 of 132 bytes failed: Only part of a ReadProcessMemory or WriteProcessMemory request was completed. (0x12B)
[0728/202613.397:ERROR:process_memory_win.cc(73)] ReadMemory at 0x1b16c6bf650 of 132 bytes failed: Only part of a ReadProcessMemory or WriteProcessMemory request was completed. (0x12B)
[0728/202613.397:ERROR:process_memory_win.cc(73)] ReadMemory at 0x1b16c6bf780 of 132 bytes failed: Only part of a ReadProcessMemory or WriteProcessMemory request was completed. (0x12B)
[0728/202613.398:ERROR:process_memory_win.cc(73)] ReadMemory at 0x1b16c6bf8b0 of 132 bytes failed: Only part of a ReadProcessMemory or WriteProcessMemory request was completed. (0x12B)
[0728/202613.399:ERROR:process_memory_win.cc(73)] ReadMemory at 0x1b16c6bf9e0 of 132 bytes failed: Only part of a ReadProcessMemory or WriteProcessMemory request was completed. (0x12B)
[0728/202613.399:ERROR:process_memory_win.cc(73)] ReadMemory at 0x1b16c6c0f10 of 132 bytes failed: Only part of a ReadProcessMemory or WriteProcessMemory request was completed. (0x12B)
[0728/202613.400:ERROR:process_memory_win.cc(73)] ReadMemory at 0x1b16c6c1120 of 132 bytes failed: Only part of a ReadProcessMemory or WriteProcessMemory request was completed. (0x12B)
[0728/202613.400:ERROR:process_memory_win.cc(73)] ReadMemory at 0x1b16c6c1310 of 132 bytes failed: Only part of a ReadProcessMemory or WriteProcessMemory request was completed. (0x12B)
[0728/202613.401:ERROR:process_memory_win.cc(73)] ReadMemory at 0x1b16c6c1680 of 58 bytes failed: Only part of a ReadProcessMemory or WriteProcessMemory request was completed. (0x12B)
[0728/202613.401:ERROR:process_memory_win.cc(73)] ReadMemory at 0x1b16c6c16d0 of 62 bytes failed: Only part of a ReadProcessMemory or WriteProcessMemory request was completed. (0x12B)
[0728/202613.402:ERROR:process_memory_win.cc(73)] ReadMemory at 0x1b16c6c1720 of 60 bytes failed: Only part of a ReadProcessMemory or WriteProcessMemory request was completed. (0x12B)
[0728/202613.402:ERROR:process_memory_win.cc(73)] ReadMemory at 0x1b16c6c1770 of 64 bytes failed: Only part of a ReadProcessMemory or WriteProcessMemory request was completed. (0x12B)
[0728/202613.403:ERROR:process_memory_win.cc(73)] ReadMemory at 0x1b16c6c1810 of 62 bytes failed: Only part of a ReadProcessMemory or WriteProcessMemory request was completed. (0x12B)
[0728/202613.404:ERROR:process_memory_win.cc(73)] ReadMemory at 0x1b16c6c1860 of 62 bytes failed: Only part of a ReadProcessMemory or WriteProcessMemory request was completed. (0x12B)
[0728/202613.405:ERROR:process_memory_win.cc(73)] ReadMemory at 0x1b16c6c1a40 of 60 bytes failed: Only part of a ReadProcessMemory or WriteProcessMemory request was completed. (0x12B)
[0728/202613.406:ERROR:process_memory_win.cc(73)] ReadMemory at 0x1b16c6c1a90 of 62 bytes failed: Only part of a ReadProcessMemory or WriteProcessMemory request was completed. (0x12B)
[0728/202613.407:ERROR:process_memory_win.cc(73)] ReadMemory at 0x1b16c6c1ae0 of 60 bytes failed: Only part of a ReadProcessMemory or WriteProcessMemory request was completed. (0x12B)
[0728/202613.408:ERROR:process_memory_win.cc(73)] ReadMemory at 0x1b16c6c1b80 of 62 bytes failed: Only part of a ReadProcessMemory or WriteProcessMemory request was completed. (0x12B)
[0728/202613.410:ERROR:process_memory_win.cc(73)] ReadMemory at 0x1b16c6c1bd0 of 60 bytes failed: Only part of a ReadProcessMemory or WriteProcessMemory request was completed. (0x12B)
[0728/202613.411:ERROR:process_memory_win.cc(73)] ReadMemory at 0x1b16c6c1c20 of 62 bytes failed: Only part of a ReadProcessMemory or WriteProcessMemory request was completed. (0x12B)
[0728/202613.412:ERROR:process_memory_win.cc(73)] ReadMemory at 0x1b16c6c1c70 of 64 bytes failed: Only part of a ReadProcessMemory or WriteProcessMemory request was completed. (0x12B)
[0728/202613.412:ERROR:process_memory_win.cc(73)] ReadMemory at 0x1b16c6c1d10 of 64 bytes failed: Only part of a ReadProcessMemory or WriteProcessMemory request was completed. (0x12B)
[0728/202613.413:ERROR:process_memory_win.cc(73)] ReadMemory at 0x1b16c6c1d60 of 64 bytes failed: Only part of a ReadProcessMemory or WriteProcessMemory request was completed. (0x12B)
[0728/202613.413:ERROR:process_memory_win.cc(73)] ReadMemory at 0x1b16c6c1ea0 of 66 bytes failed: Only part of a ReadProcessMemory or WriteProcessMemory request was completed. (0x12B)
[0728/202613.414:ERROR:process_memory_win.cc(73)] ReadMemory at 0x1b16c6c1f40 of 64 bytes failed: Only part of a ReadProcessMemory or WriteProcessMemory request was completed. (0x12B)
[0728/202613.414:ERROR:process_memory_win.cc(73)] ReadMemory at 0x1b16c6c2080 of 62 bytes failed: Only part of a ReadProcessMemory or WriteProcessMemory request was completed. (0x12B)
[0728/202613.415:ERROR:process_memory_win.cc(73)] ReadMemory at 0x1b16c6c2170 of 62 bytes failed: Only part of a ReadProcessMemory or WriteProcessMemory request was completed. (0x12B)
[0728/202613.417:ERROR:process_memory_win.cc(73)] ReadMemory at 0x1b16c6c21c0 of 60 bytes failed: Only part of a ReadProcessMemory or WriteProcessMemory request was completed. (0x12B)
[0728/202613.419:ERROR:process_memory_win.cc(73)] ReadMemory at 0x1b16c6c2260 of 66 bytes failed: Only part of a ReadProcessMemory or WriteProcessMemory request was completed. (0x12B)
[0728/202613.420:ERROR:process_memory_win.cc(73)] ReadMemory at 0x1b16c6c23a0 of 64 bytes failed: Only part of a ReadProcessMemory or WriteProcessMemory request was completed. (0x12B)
[0728/202613.421:ERROR:process_memory_win.cc(73)] ReadMemory at 0x1b16c6c2490 of 60 bytes failed: Only part of a ReadProcessMemory or WriteProcessMemory request was completed. (0x12B)
[0728/202613.421:ERROR:process_memory_win.cc(73)] ReadMemory at 0x1b16c6c24e0 of 64 bytes failed: Only part of a ReadProcessMemory or WriteProcessMemory request was completed. (0x12B)
[0728/202613.422:ERROR:process_memory_win.cc(73)] ReadMemory at 0x1b16c6c2530 of 60 bytes failed: Only part of a ReadProcessMemory or WriteProcessMemory request was completed. (0x12B)
[0728/202613.423:ERROR:process_memory_win.cc(73)] ReadMemory at 0x1b16c6c2580 of 64 bytes failed: Only part of a ReadProcessMemory or WriteProcessMemory request was completed. (0x12B)
[0728/202613.424:ERROR:process_memory_win.cc(73)] ReadMemory at 0x1b16c6c26d0 of 132 bytes failed: Only part of a ReadProcessMemory or WriteProcessMemory request was completed. (0x12B)
[0728/202613.424:ERROR:process_memory_win.cc(73)] ReadMemory at 0x1b16c6c2800 of 132 bytes failed: Only part of a ReadProcessMemory or WriteProcessMemory request was completed. (0x12B)
[0728/202613.425:ERROR:process_memory_win.cc(73)] ReadMemory at 0x1b16c6c2b50 of 132 bytes failed: Only part of a ReadProcessMemory or WriteProcessMemory request was completed. (0x12B)
[0728/202613.426:ERROR:process_memory_win.cc(73)] ReadMemory at 0x1b16c6c8150 of 132 bytes failed: Only part of a ReadProcessMemory or WriteProcessMemory request was completed. (0x12B)
[0728/202613.426:ERROR:process_memory_win.cc(73)] ReadMemory at 0x1b16c6c8280 of 132 bytes failed: Only part of a ReadProcessMemory or WriteProcessMemory request was completed. (0x12B)
[0728/202613.427:ERROR:process_memory_win.cc(73)] ReadMemory at 0x1b16c6c84e0 of 132 bytes failed: Only part of a ReadProcessMemory or WriteProcessMemory request was completed. (0x12B)
[0728/202613.428:ERROR:process_memory_win.cc(73)] ReadMemory at 0x1b16c6c8870 of 132 bytes failed: Only part of a ReadProcessMemory or WriteProcessMemory request was completed. (0x12B)
[0728/202613.429:ERROR:process_memory_win.cc(73)] ReadMemory at 0x1b16c6c89a0 of 132 bytes failed: Only part of a ReadProcessMemory or WriteProcessMemory request was completed. (0x12B)
[0728/202613.429:ERROR:process_memory_win.cc(73)] ReadMemory at 0x1b16c6c8c00 of 132 bytes failed: Only part of a ReadProcessMemory or WriteProcessMemory request was completed. (0x12B)
[0728/202613.430:ERROR:process_memory_win.cc(73)] ReadMemory at 0x1b16c6c8e60 of 132 bytes failed: Only part of a ReadProcessMemory or WriteProcessMemory request was completed. (0x12B)
[0728/202613.431:ERROR:process_memory_win.cc(73)] ReadMemory at 0x1b16c6c90c0 of 132 bytes failed: Only part of a ReadProcessMemory or WriteProcessMemory request was completed. (0x12B)
[0728/202613.431:ERROR:process_memory_win.cc(73)] ReadMemory at 0x1b16c6c91f0 of 132 bytes failed: Only part of a ReadProcessMemory or WriteProcessMemory request was completed. (0x12B)
[0728/202613.432:ERROR:process_memory_win.cc(73)] ReadMemory at 0x1b16c6c9320 of 132 bytes failed: Only part of a ReadProcessMemory or WriteProcessMemory request was completed. (0x12B)
[0728/202613.433:ERROR:process_memory_win.cc(73)] ReadMemory at 0x1b16c6c96b0 of 132 bytes failed: Only part of a ReadProcessMemory or WriteProcessMemory request was completed. (0x12B)
[0728/202613.433:ERROR:process_memory_win.cc(73)] ReadMemory at 0x1b16c6c97e0 of 132 bytes failed: Only part of a ReadProcessMemory or WriteProcessMemory request was completed. (0x12B)
[0728/202613.435:ERROR:process_memory_win.cc(73)] ReadMemory at 0x1b16c6cc8d0 of 76 bytes failed: Only part of a ReadProcessMemory or WriteProcessMemory request was completed. (0x12B)
[0728/202613.436:ERROR:process_memory_win.cc(73)] ReadMemory at 0x1b16c6cced0 of 80 bytes failed: Only part of a ReadProcessMemory or WriteProcessMemory request was completed. (0x12B)
[0728/202613.437:ERROR:process_memory_win.cc(73)] ReadMemory at 0x1b16c6d5610 of 40 bytes failed: Only part of a ReadProcessMemory or WriteProcessMemory request was completed. (0x12B)
[0728/202613.438:ERROR:process_memory_win.cc(73)] ReadMemory at 0x1b16c6d6620 of 48 bytes failed: Only part of a ReadProcessMemory or WriteProcessMemory request was completed. (0x12B)
[0728/202613.439:ERROR:process_memory_win.cc(73)] ReadMemory at 0x1b16c6d6f60 of 48 bytes failed: Only part of a ReadProcessMemory or WriteProcessMemory request was completed. (0x12B)
[0728/202613.439:ERROR:process_memory_win.cc(73)] ReadMemory at 0x1b16c700c40 of 124 bytes failed: Only part of a ReadProcessMemory or WriteProcessMemory request was completed. (0x12B)
[0728/202613.440:ERROR:process_memory_win.cc(73)] ReadMemory at 0x1b16c700dd0 of 512 bytes failed: Only part of a ReadProcessMemory or WriteProcessMemory request was completed. (0x12B)
[0728/202613.441:ERROR:process_memory_win.cc(73)] ReadMemory at 0x1b16c710b80 of 512 bytes failed: Only part of a ReadProcessMemory or WriteProcessMemory request was completed. (0x12B)
[0728/202613.442:ERROR:process_memory_win.cc(73)] ReadMemory at 0x1b16c713690 of 560 bytes failed: Only part of a ReadProcessMemory or WriteProcessMemory request was completed. (0x12B)
[0728/202613.443:ERROR:process_memory_win.cc(73)] ReadMemory at 0x1b16c721530 of 512 bytes failed: Only part of a ReadProcessMemory or WriteProcessMemory request was completed. (0x12B)
[0728/202613.443:ERROR:process_memory_win.cc(73)] ReadMemory at 0x1b16c726c90 of 512 bytes failed: Only part of a ReadProcessMemory or WriteProcessMemory request was completed. (0x12B)
[0728/202613.444:ERROR:process_memory_win.cc(73)] ReadMemory at 0x1b16c744610 of 712 bytes failed: Only part of a ReadProcessMemory or WriteProcessMemory request was completed. (0x12B)
[0728/202613.444:ERROR:process_memory_win.cc(73)] ReadMemory at 0x1b16c750c70 of 512 bytes failed: Only part of a ReadProcessMemory or WriteProcessMemory request was completed. (0x12B)
[0728/202613.445:ERROR:process_memory_win.cc(73)] ReadMemory at 0x1b16c751be0 of 816 bytes failed: Only part of a ReadProcessMemory or WriteProcessMemory request was completed. (0x12B)
[0728/202613.445:ERROR:process_memory_win.cc(73)] ReadMemory at 0x1b16c77ed84 of 512 bytes failed: Only part of a ReadProcessMemory or WriteProcessMemory request was completed. (0x12B)
[0728/202613.446:ERROR:process_memory_win.cc(73)] ReadMemory at 0x1b16c78dc44 of 638 bytes failed: Only part of a ReadProcessMemory or WriteProcessMemory request was completed. (0x12B)
[0728/202613.446:ERROR:process_memory_win.cc(73)] ReadMemory at 0x1b16c8002c0 of 40 bytes failed: Only part of a ReadProcessMemory or WriteProcessMemory request was completed. (0x12B)
[0728/202613.448:ERROR:process_memory_win.cc(73)] ReadMemory at 0x1b16c9302c0 of 40 bytes failed: Only part of a ReadProcessMemory or WriteProcessMemory request was completed. (0x12B)
[0728/202613.448:ERROR:process_memory_win.cc(73)] ReadMemory at 0x1b16e378800 of 40 bytes failed: Only part of a ReadProcessMemory or WriteProcessMemory request was completed. (0x12B)
[0728/202613.449:ERROR:process_memory_win.cc(73)] ReadMemory at 0x1b16e44b300 of 512 bytes failed: Only part of a ReadProcessMemory or WriteProcessMemory request was completed. (0x12B)
[0728/202613.450:ERROR:process_memory_win.cc(73)] ReadMemory at 0x1b16e4e6210 of 512 bytes failed: Only part of a ReadProcessMemory or WriteProcessMemory request was completed. (0x12B)
[0728/202613.451:ERROR:process_memory_win.cc(73)] ReadMemory at 0x1b16e5083b0 of 512 bytes failed: Only part of a ReadProcessMemory or WriteProcessMemory request was completed. (0x12B)
[0728/202613.452:ERROR:process_memory_win.cc(73)] ReadMemory at 0x1b16e50bef0 of 512 bytes failed: Only part of a ReadProcessMemory or WriteProcessMemory request was completed. (0x12B)
[0728/202613.452:ERROR:process_memory_win.cc(73)] ReadMemory at 0x1b16e53a1b0 of 512 bytes failed: Only part of a ReadProcessMemory or WriteProcessMemory request was completed. (0x12B)
[0728/202613.453:ERROR:process_memory_win.cc(73)] ReadMemory at 0x1b16e677f78 of 512 bytes failed: Only part of a ReadProcessMemory or WriteProcessMemory request was completed. (0x12B)
[0728/202613.453:ERROR:process_memory_win.cc(73)] ReadMemory at 0x1b16f5a2600 of 512 bytes failed: Only part of a ReadProcessMemory or WriteProcessMemory request was completed. (0x12B)
[0728/202613.454:ERROR:process_memory_win.cc(73)] ReadMemory at 0x1b16f6177d0 of 512 bytes failed: Only part of a ReadProcessMemory or WriteProcessMemory request was completed. (0x12B)
[0728/202613.454:ERROR:process_memory_win.cc(73)] ReadMemory at 0x1b16f711180 of 512 bytes failed: Only part of a ReadProcessMemory or WriteProcessMemory request was completed. (0x12B)
[0728/202613.455:ERROR:process_memory_win.cc(73)] ReadMemory at 0x1b16f711780 of 512 bytes failed: Only part of a ReadProcessMemory or WriteProcessMemory request was completed. (0x12B)
[0728/202613.455:ERROR:process_memory_win.cc(73)] ReadMemory at 0x1b16f77ffe0 of 512 bytes failed: Only part of a ReadProcessMemory or WriteProcessMemory request was completed. (0x12B)
[0728/202613.456:ERROR:process_memory_win.cc(73)] ReadMemory at 0x1b16f780960 of 512 bytes failed: Only part of a ReadProcessMemory or WriteProcessMemory request was completed. (0x12B)
[0728/202613.456:ERROR:process_memory_win.cc(73)] ReadMemory at 0x269fb59e6fc8 of 512 bytes failed: Only part of a ReadProcessMemory or WriteProcessMemory request was completed. (0x12B)
[0728/202613.457:ERROR:process_memory_win.cc(73)] ReadMemory at 0x354ad2021cd0 of 512 bytes failed: Only part of a ReadProcessMemory or WriteProcessMemory request was completed. (0x12B)
[0728/202613.458:ERROR:process_memory_win.cc(73)] ReadMemory at 0x443500000000 of 384 bytes failed: Only part of a ReadProcessMemory or WriteProcessMemory request was completed. (0x12B)
[0728/202613.458:ERROR:process_memory_win.cc(73)] ReadMemory at 0x44350000a268 of 512 bytes failed: Only part of a ReadProcessMemory or WriteProcessMemory request was completed. (0x12B)
[0728/202613.459:ERROR:process_memory_win.cc(73)] ReadMemory at 0x443508040365 of 512 bytes failed: Only part of a ReadProcessMemory or WriteProcessMemory request was completed. (0x12B)
[0728/202613.460:ERROR:process_memory_win.cc(73)] ReadMemory at 0x4435095f9e3c of 516 bytes failed: Only part of a ReadProcessMemory or WriteProcessMemory request was completed. (0x12B)
[0728/202613.461:ERROR:process_memory_win.cc(73)] ReadMemory at 0x4435097b58e5 of 512 bytes failed: Only part of a ReadProcessMemory or WriteProcessMemory request was completed. (0x12B)
[0728/202613.461:ERROR:process_memory_win.cc(73)] ReadMemory at 0x5f3bb1cdbec8 of 512 bytes failed: Only part of a ReadProcessMemory or WriteProcessMemory request was completed. (0x12B)
[0728/202613.462:ERROR:process_memory_win.cc(73)] ReadMemory at 0x6d1fc2140500 of 760 bytes failed: Only part of a ReadProcessMemory or WriteProcessMemory request was completed. (0x12B)
[0728/202613.463:ERROR:process_memory_win.cc(73)] ReadMemory at 0x6d1fc215bf80 of 720 bytes failed: Only part of a ReadProcessMemory or WriteProcessMemory request was completed. (0x12B)
[0728/202613.463:ERROR:process_memory_win.cc(73)] ReadMemory at 0x6d1fc215c530 of 512 bytes failed: Only part of a ReadProcessMemory or WriteProcessMemory request was completed. (0x12B)
[0728/202613.464:ERROR:process_memory_win.cc(73)] ReadMemory at 0x6d1fc459e380 of 512 bytes failed: Only part of a ReadProcessMemory or WriteProcessMemory request was completed. (0x12B)
[0728/202613.465:ERROR:process_memory_win.cc(73)] ReadMemory at 0x6d1fc45a0780 of 512 bytes failed: Only part of a ReadProcessMemory or WriteProcessMemory request was completed. (0x12B)
[0728/202613.465:ERROR:process_memory_win.cc(73)] ReadMemory at 0x6d1fc48f8780 of 512 bytes failed: Only part of a ReadProcessMemory or WriteProcessMemory request was completed. (0x12B)
[0728/202613.466:ERROR:process_memory_win.cc(73)] ReadMemory at 0x6d1fc6498780 of 512 bytes failed: Only part of a ReadProcessMemory or WriteProcessMemory request was completed. (0x12B)
[0728/202613.467:ERROR:process_memory_win.cc(73)] ReadMemory at 0x7ffdadad73c9 of 512 bytes failed: Only part of a ReadProcessMemory or WriteProcessMemory request was completed. (0x12B)
[0728/202613.468:ERROR:process_memory_win.cc(73)] ReadMemory at 0x7ffdadae10d0 of 512 bytes failed: Only part of a ReadProcessMemory or WriteProcessMemory request was completed. (0x12B)
[0728/202613.469:ERROR:process_memory_win.cc(73)] ReadMemory at 0x7ffdadbffab0 of 512 bytes failed: Only part of a ReadProcessMemory or WriteProcessMemory request was completed. (0x12B)
[0728/202613.469:ERROR:process_memory_win.cc(73)] ReadMemory at 0x7ffdaf1c7f04 of 512 bytes failed: Only part of a ReadProcessMemory or WriteProcessMemory request was completed. (0x12B)
[0728/202613.470:ERROR:process_memory_win.cc(73)] ReadMemory at 0x7ffdaf4b71c0 of 512 bytes failed: Only part of a ReadProcessMemory or WriteProcessMemory request was completed. (0x12B)
[0728/202613.471:ERROR:process_memory_win.cc(73)] ReadMemory at 0x7ffdb041e88c of 512 bytes failed: Only part of a ReadProcessMemory or WriteProcessMemory request was completed. (0x12B)
[0728/202613.472:ERROR:process_memory_win.cc(73)] ReadMemory at 0x7ffdb042fbd6 of 512 bytes failed: Only part of a ReadProcessMemory or WriteProcessMemory request was completed. (0x12B)
[0728/202613.473:ERROR:process_memory_win.cc(73)] ReadMemory at 0x7ffdb2977078 of 512 bytes failed: Only part of a ReadProcessMemory or WriteProcessMemory request was completed. (0x12B)
[0728/202613.474:ERROR:process_memory_win.cc(73)] ReadMemory at 0x7ffdb29916a0 of 512 bytes failed: Only part of a ReadProcessMemory or WriteProcessMemory request was completed. (0x12B)
[0728/202613.474:ERROR:process_memory_win.cc(73)] ReadMemory at 0x7ffdc6228af3 of 512 bytes failed: Only part of a ReadProcessMemory or WriteProcessMemory request was completed. (0x12B)
[0728/202613.475:ERROR:process_memory_win.cc(73)] ReadMemory at 0x7ffdc6245a90 of 512 bytes failed: Only part of a ReadProcessMemory or WriteProcessMemory request was completed. (0x12B)
[0728/202613.476:ERROR:process_memory_win.cc(73)] ReadMemory at 0x7ffdc62b4cb0 of 544 bytes failed: Only part of a ReadProcessMemory or WriteProcessMemory request was completed. (0x12B)
[0728/202613.477:ERROR:process_memory_win.cc(73)] ReadMemory at 0x7ffdc62ba230 of 40 bytes failed: Only part of a ReadProcessMemory or WriteProcessMemory request was completed. (0x12B)
[0728/202613.478:ERROR:process_memory_win.cc(73)] ReadMemory at 0x7ffdf8db8cb0 of 40 bytes failed: Only part of a ReadProcessMemory or WriteProcessMemory request was completed. (0x12B)
[0728/202613.479:ERROR:process_memory_win.cc(73)] ReadMemory at 0x7ffdf90d9ed0 of 512 bytes failed: Only part of a ReadProcessMemory or WriteProcessMemory request was completed. (0x12B)
[0728/202613.480:ERROR:process_memory_win.cc(73)] ReadMemory at 0x7ffdfa087b54 of 512 bytes failed: Only part of a ReadProcessMemory or WriteProcessMemory request was completed. (0x12B)
[0728/202613.481:ERROR:process_memory_win.cc(73)] ReadMemory at 0x7ffdfa091f80 of 512 bytes failed: Only part of a ReadProcessMemory or WriteProcessMemory request was completed. (0x12B)
[0728/202613.481:ERROR:process_memory_win.cc(73)] ReadMemory at 0x7ffdfb3ef5b0 of 176 bytes failed: Only part of a ReadProcessMemory or WriteProcessMemory request was completed. (0x12B)
[0728/202613.482:ERROR:process_memory_win.cc(73)] ReadMemory at 0x7ffdfc05c074 of 672 bytes failed: Only part of a ReadProcessMemory or WriteProcessMemory request was completed. (0x12B)
[0728/202613.483:ERROR:process_memory_win.cc(73)] ReadMemory at 0x7ffdfc05f924 of 608 bytes failed: Only part of a ReadProcessMemory or WriteProcessMemory request was completed. (0x12B)
[0728/202613.484:ERROR:process_memory_win.cc(73)] ReadMemory at 0x7ffdfc0ec428 of 18 bytes failed: Only part of a ReadProcessMemory or WriteProcessMemory request was completed. (0x12B)
[0728/202613.484:ERROR:process_memory_win.cc(73)] ReadMemory at 0x7ffdfc11f4f8 of 40 bytes failed: Only part of a ReadProcessMemory or WriteProcessMemory request was completed. (0x12B)
[0728/202613.485:ERROR:process_memory_win.cc(73)] ReadMemory at 0x7ffdfc11f560 of 48 bytes failed: Only part of a ReadProcessMemory or WriteProcessMemory request was completed. (0x12B)
[0728/202613.485:ERROR:process_memory_win.cc(73)] ReadMemory at 0x7ffdfc11f978 of 48 bytes failed: Only part of a ReadProcessMemory or WriteProcessMemory request was completed. (0x12B)
[0728/202613.486:ERROR:process_memory_win.cc(73)] ReadMemory at 0x7ffdfc123be0 of 40 bytes failed: Only part of a ReadProcessMemory or WriteProcessMemory request was completed. (0x12B)
[0728/202613.486:ERROR:process_memory_win.cc(73)] ReadMemory at 0x7ffdfc123d40 of 336 bytes failed: Only part of a ReadProcessMemory or WriteProcessMemory request was completed. (0x12B)
[0728/202613.487:ERROR:process_memory_win.cc(73)] ReadMemory at 0x7ffdfc1253c0 of 64 bytes failed: Only part of a ReadProcessMemory or WriteProcessMemory request was completed. (0x12B)
[0728/202613.567:ERROR:scoped_process_suspend.cc(40)] NtResumeProcess: An attempt was made to access an exiting process. (0xc000010a)
